c:\users\photonuser\documents\uwee524\hw\kevin\vs\project1\project1\x64\debug\vc142.pdb
c:\users\photonuser\documents\uwee524\hw\kevin\vs\project1\project1\x64\debug\vc142.idb
c:\users\photonuser\documents\uwee524\hw\kevin\vs\project1\project1\x64\debug\helper.obj
x64\debug\main.cu.obj
x64\debug\matrix_add_test.cu.obj
c:\users\photonuser\documents\uwee524\hw\kevin\vs\project1\x64\debug\project1.ilk
c:\users\photonuser\documents\uwee524\hw\kevin\vs\project1\x64\debug\project1.exe
c:\users\photonuser\documents\uwee524\hw\kevin\vs\project1\x64\debug\project1.pdb
c:\users\photonuser\documents\uwee524\hw\kevin\vs\project1\project1\x64\debug\main.cu.cache
c:\users\photonuser\documents\uwee524\hw\kevin\vs\project1\project1\x64\debug\matrix_add_test.cu.cache
c:\users\photonuser\documents\uwee524\hw\kevin\vs\project1\project1\x64\debug\main.cu.obj
c:\users\photonuser\documents\uwee524\hw\kevin\vs\project1\project1\x64\debug\matrix_add_test.cu.obj
c:\users\photonuser\documents\uwee524\hw\kevin\vs\project1\project1\x64\debug\project1.tlog\cl.command.1.tlog
c:\users\photonuser\documents\uwee524\hw\kevin\vs\project1\project1\x64\debug\project1.tlog\cl.read.1.tlog
c:\users\photonuser\documents\uwee524\hw\kevin\vs\project1\project1\x64\debug\project1.tlog\cl.write.1.tlog
c:\users\photonuser\documents\uwee524\hw\kevin\vs\project1\project1\x64\debug\project1.tlog\cudacompile.read.1u.tlog
c:\users\photonuser\documents\uwee524\hw\kevin\vs\project1\project1\x64\debug\project1.tlog\cudacompile.write.1u.tlog
c:\users\photonuser\documents\uwee524\hw\kevin\vs\project1\project1\x64\debug\project1.tlog\link.command.1.tlog
c:\users\photonuser\documents\uwee524\hw\kevin\vs\project1\project1\x64\debug\project1.tlog\link.read.1.tlog
c:\users\photonuser\documents\uwee524\hw\kevin\vs\project1\project1\x64\debug\project1.tlog\link.write.1.tlog
